# JRE version: Java(TM) SE Runtime Environment (8.0_231-b11) (build 1.8.0_231-b11)
# Java VM: Java HotSpot(TM) 64-Bit Server VM (25.231-b11 mixed mode windows-amd64 compressed oops)
Heap:
 PSYoungGen      total 263168K, used 125968K [0x000000076ab00000, 0x0000000781580000, 0x00000007c0000000)
  eden space 244224K, 51% used [0x000000076ab00000,0x0000000772604010,0x0000000779980000)
  from space 18944K, 0% used [0x0000000779980000,0x0000000779980000,0x000000077ac00000)
  to   space 21504K, 0% used [0x0000000780080000,0x0000000780080000,0x0000000781580000)
 ParOldGen       total 93184K, used 31311K [0x00000006c0000000, 0x00000006c5b00000, 0x000000076ab00000)
  object space 93184K, 33% used [0x00000006c0000000,0x00000006c1e93de8,0x00000006c5b00000)
 Metaspace       used 59990K, capacity 64664K, committed 64792K, reserved 1103872K
  class space    used 8711K, capacity 9461K, committed 9512K, reserved 1048576K
GC Heap History (10 events):
Event: 8.560 GC heap before
{Heap before GC invocations=10 (full 2):
 PSYoungGen      total 212480K, used 10816K [0x000000076ab00000, 0x0000000778f80000, 0x00000007c0000000)
  eden space 199680K, 0% used [0x000000076ab00000,0x000000076ab00000,0x0000000776e00000)
  from space 12800K, 84% used [0x0000000777b80000,0x0000000778610390,0x0000000778800000)
  to   space 13824K, 0% used [0x0000000776e00000,0x0000000776e00000,0x0000000777b80000)
 ParOldGen       total 60928K, used 9634K [0x00000006c0000000, 0x00000006c3b80000, 0x000000076ab00000)
  object space 60928K, 15% used [0x00000006c0000000,0x00000006c0968860,0x00000006c3b80000)
 Metaspace       used 33606K, capacity 35414K, committed 35496K, reserved 1079296K
  class space    used 4893K, capacity 5264K, committed 5288K, reserved 1048576K
Event: 8.618 GC heap after
Heap after GC invocations=10 (full 2):
 PSYoungGen      total 212480K, used 0K [0x000000076ab00000, 0x0000000778f80000, 0x00000007c0000000)
  eden space 199680K, 0% used [0x000000076ab00000,0x000000076ab00000,0x0000000776e00000)
  from space 12800K, 0% used [0x0000000777b80000,0x0000000777b80000,0x0000000778800000)
  to   space 13824K, 0% used [0x0000000776e00000,0x0000000776e00000,0x0000000777b80000)
 ParOldGen       total 93184K, used 17706K [0x00000006c0000000, 0x00000006c5b00000, 0x000000076ab00000)
  object space 93184K, 19% used [0x00000006c0000000,0x00000006c114aad0,0x00000006c5b00000)
 Metaspace       used 33599K, capacity 35390K, committed 35496K, reserved 1079296K
  class space    used 4891K, capacity 5260K, committed 5288K, reserved 1048576K
}
Event: 12.581 GC heap before
{Heap before GC invocations=11 (full 2):
 PSYoungGen      total 212480K, used 199680K [0x000000076ab00000, 0x0000000778f80000, 0x00000007c0000000)
  eden space 199680K, 100% used [0x000000076ab00000,0x0000000776e00000,0x0000000776e00000)
  from space 12800K, 0% used [0x0000000777b80000,0x0000000777b80000,0x0000000778800000)
  to   space 13824K, 0% used [0x0000000776e00000,0x0000000776e00000,0x0000000777b80000)
 ParOldGen       total 93184K, used 17706K [0x00000006c0000000, 0x00000006c5b00000, 0x000000076ab00000)
  object space 93184K, 19% used [0x00000006c0000000,0x00000006c114aad0,0x00000006c5b00000)
 Metaspace       used 42184K, capacity 44930K, committed 45096K, reserved 1087488K
  class space    used 6037K, capacity 6577K, committed 6696K, reserved 1048576K
Event: 12.594 GC heap after
Heap after GC invocations=11 (full 2):
 PSYoungGen      total 213504K, used 13276K [0x000000076ab00000, 0x000000077be00000, 0x00000007c0000000)
  eden space 199680K, 0% used [0x000000076ab00000,0x000000076ab00000,0x0000000776e00000)
  from space 13824K, 96% used [0x0000000776e00000,0x0000000777af7068,0x0000000777b80000)
  to   space 15360K, 0% used [0x000000077af00000,0x000000077af00000,0x000000077be00000)
 ParOldGen       total 93184K, used 17714K [0x00000006c0000000, 0x00000006c5b00000, 0x000000076ab00000)
  object space 93184K, 19% used [0x00000006c0000000,0x00000006c114cad0,0x00000006c5b00000)
 Metaspace       used 42184K, capacity 44930K, committed 45096K, reserved 1087488K
  class space    used 6037K, capacity 6577K, committed 6696K, reserved 1048576K
}
Event: 20.023 GC heap before
{Heap before GC invocations=12 (full 2):
 PSYoungGen      total 213504K, used 212956K [0x000000076ab00000, 0x000000077be00000, 0x00000007c0000000)
  eden space 199680K, 100% used [0x000000076ab00000,0x0000000776e00000,0x0000000776e00000)
  from space 13824K, 96% used [0x0000000776e00000,0x0000000777af7068,0x0000000777b80000)
  to   space 15360K, 0% used [0x000000077af00000,0x000000077af00000,0x000000077be00000)
 ParOldGen       total 93184K, used 17714K [0x00000006c0000000, 0x00000006c5b00000, 0x000000076ab00000)
  object space 93184K, 19% used [0x00000006c0000000,0x00000006c114cad0,0x00000006c5b00000)
 Metaspace       used 51443K, capacity 55778K, committed 55976K, reserved 1097728K
  class space    used 7555K, capacity 8334K, committed 8360K, reserved 1048576K
Event: 20.037 GC heap after
Heap after GC invocations=12 (full 2):
 PSYoungGen      total 259584K, used 15352K [0x000000076ab00000, 0x000000077be80000, 0x00000007c0000000)
  eden space 244224K, 0% used [0x000000076ab00000,0x000000076ab00000,0x0000000779980000)
  from space 15360K, 99% used [0x000000077af00000,0x000000077bdfe118,0x000000077be00000)
  to   space 18944K, 0% used [0x0000000779980000,0x0000000779980000,0x000000077ac00000)
 ParOldGen       total 93184K, used 22147K [0x00000006c0000000, 0x00000006c5b00000, 0x000000076ab00000)
  object space 93184K, 23% used [0x00000006c0000000,0x00000006c15a0c90,0x00000006c5b00000)
 Metaspace       used 51443K, capacity 55778K, committed 55976K, reserved 1097728K
  class space    used 7555K, capacity 8334K, committed 8360K, reserved 1048576K
}
Event: 20.708 GC heap before
{Heap before GC invocations=13 (full 2):
 PSYoungGen      total 259584K, used 71769K [0x000000076ab00000, 0x000000077be80000, 0x00000007c0000000)
  eden space 244224K, 23% used [0x000000076ab00000,0x000000076e2184d0,0x0000000779980000)
  from space 15360K, 99% used [0x000000077af00000,0x000000077bdfe118,0x000000077be00000)
  to   space 18944K, 0% used [0x0000000779980000,0x0000000779980000,0x000000077ac00000)
 ParOldGen       total 93184K, used 22147K [0x00000006c0000000, 0x00000006c5b00000, 0x000000076ab00000)
  object space 93184K, 23% used [0x00000006c0000000,0x00000006c15a0c90,0x00000006c5b00000)
 Metaspace       used 54467K, capacity 59128K, committed 59160K, reserved 1099776K
  class space    used 7987K, capacity 8739K, committed 8744K, reserved 1048576K
Event: 20.743 GC heap after
Heap after GC invocations=13 (full 2):
 PSYoungGen      total 263168K, used 17930K [0x000000076ab00000, 0x0000000781580000, 0x00000007c0000000)
  eden space 244224K, 0% used [0x000000076ab00000,0x000000076ab00000,0x0000000779980000)
  from space 18944K, 94% used [0x0000000779980000,0x000000077ab02928,0x000000077ac00000)
  to   space 21504K, 0% used [0x0000000780080000,0x0000000780080000,0x0000000781580000)
 ParOldGen       total 93184K, used 22155K [0x00000006c0000000, 0x00000006c5b00000, 0x000000076ab00000)
  object space 93184K, 23% used [0x00000006c0000000,0x00000006c15a2c90,0x00000006c5b00000)
 Metaspace       used 54467K, capacity 59128K, committed 59160K, reserved 1099776K
  class space    used 7987K, capacity 8739K, committed 8744K, reserved 1048576K
}
Event: 20.743 GC heap before
{Heap before GC invocations=14 (full 3):
 PSYoungGen      total 263168K, used 17930K [0x000000076ab00000, 0x0000000781580000, 0x00000007c0000000)
  eden space 244224K, 0% used [0x000000076ab00000,0x000000076ab00000,0x0000000779980000)
  from space 18944K, 94% used [0x0000000779980000,0x000000077ab02928,0x000000077ac00000)
  to   space 21504K, 0% used [0x0000000780080000,0x0000000780080000,0x0000000781580000)
 ParOldGen       total 93184K, used 22155K [0x00000006c0000000, 0x00000006c5b00000, 0x000000076ab00000)
  object space 93184K, 23% used [0x00000006c0000000,0x00000006c15a2c90,0x00000006c5b00000)
 Metaspace       used 54467K, capacity 59128K, committed 59160K, reserved 1099776K
  class space    used 7987K, capacity 8739K, committed 8744K, reserved 1048576K
Event: 20.947 GC heap after
Heap after GC invocations=14 (full 3):
 PSYoungGen      total 263168K, used 0K [0x000000076ab00000, 0x0000000781580000, 0x00000007c0000000)
  eden space 244224K, 0% used [0x000000076ab00000,0x000000076ab00000,0x0000000779980000)
  from space 18944K, 0% used [0x0000000779980000,0x0000000779980000,0x000000077ac00000)
  to   space 21504K, 0% used [0x0000000780080000,0x0000000780080000,0x0000000781580000)
 ParOldGen       total 93184K, used 31311K [0x00000006c0000000, 0x00000006c5b00000, 0x000000076ab00000)
  object space 93184K, 33% used [0x00000006c0000000,0x00000006c1e93de8,0x00000006c5b00000)
 Metaspace       used 54467K, capacity 59128K, committed 59160K, reserved 1099776K
  class space    used 7987K, capacity 8739K, committed 8744K, reserved 1048576K
}

