# JRE version: OpenJDK Runtime Environment Temurin-21.0.7+6 (21.0.7+6) (build 21.0.7+6-LTS)
# Java VM: OpenJDK 64-Bit Server VM Temurin-21.0.7+6 (21.0.7+6-LTS, mixed mode, sharing, tiered, compressed oops, compressed class ptrs, parallel gc, windows-amd64)
GC Precious Log:
 CardTable entry size: 512
 CPUs: 8 total, 8 available
 Memory: 7975M
 Large Page Support: Disabled
 NUMA Support: Disabled
 Compressed Oops: Enabled (32-bit)
 Alignments: Space 512K, Generation 512K, Heap 2M
 Heap Min Capacity: 100M
 Heap Initial Capacity: 100M
 Heap Max Capacity: 1G
 Pre-touch: Disabled
 Parallel Workers: 8
Heap:
 PSYoungGen      total 15360K, used 14108K [0x00000000eab00000, 0x00000000ebc80000, 0x0000000100000000)
  eden space 14848K, 92% used [0x00000000eab00000,0x00000000eb85f198,0x00000000eb980000)
  from space 512K, 81% used [0x00000000ebc00000,0x00000000ebc68000,0x00000000ebc80000)
  to   space 512K, 0% used [0x00000000ebb80000,0x00000000ebb80000,0x00000000ebc00000)
 ParOldGen       total 68608K, used 39759K [0x00000000c0000000, 0x00000000c4300000, 0x00000000eab00000)
  object space 68608K, 57% used [0x00000000c0000000,0x00000000c26d3d28,0x00000000c4300000)
 Metaspace       used 62212K, committed 63488K, reserved 1114112K
  class space    used 7632K, committed 8192K, reserved 1048576K
GC Heap History (20 events):
Event: 71.378 GC heap before
{Heap before GC invocations=40 (full 3):
 PSYoungGen      total 15872K, used 15645K [0x00000000eab00000, 0x00000000ebe00000, 0x0000000100000000)
  eden space 14848K, 100% used [0x00000000eab00000,0x00000000eb980000,0x00000000eb980000)
  from space 1024K, 77% used [0x00000000ebd00000,0x00000000ebdc7490,0x00000000ebe00000)
  to   space 1536K, 0% used [0x00000000ebb00000,0x00000000ebb00000,0x00000000ebc80000)
 ParOldGen       total 68608K, used 37646K [0x00000000c0000000, 0x00000000c4300000, 0x00000000eab00000)
  object space 68608K, 54% used [0x00000000c0000000,0x00000000c24c3ba0,0x00000000c4300000)
 Metaspace       used 60128K, committed 61376K, reserved 1114112K
  class space    used 7365K, committed 7936K, reserved 1048576K
}
Event: 71.378 GC heap after
{Heap after GC invocations=40 (full 3):
 PSYoungGen      total 16384K, used 256K [0x00000000eab00000, 0x00000000ebd80000, 0x0000000100000000)
  eden space 14848K, 0% used [0x00000000eab00000,0x00000000eab00000,0x00000000eb980000)
  from space 1536K, 16% used [0x00000000ebb00000,0x00000000ebb40000,0x00000000ebc80000)
  to   space 512K, 0% used [0x00000000ebd00000,0x00000000ebd00000,0x00000000ebd80000)
 ParOldGen       total 68608K, used 38066K [0x00000000c0000000, 0x00000000c4300000, 0x00000000eab00000)
  object space 68608K, 55% used [0x00000000c0000000,0x00000000c252cbb8,0x00000000c4300000)
 Metaspace       used 60128K, committed 61376K, reserved 1114112K
  class space    used 7365K, committed 7936K, reserved 1048576K
}
Event: 71.457 GC heap before
{Heap before GC invocations=41 (full 3):
 PSYoungGen      total 16384K, used 15104K [0x00000000eab00000, 0x00000000ebd80000, 0x0000000100000000)
  eden space 14848K, 100% used [0x00000000eab00000,0x00000000eb980000,0x00000000eb980000)
  from space 1536K, 16% used [0x00000000ebb00000,0x00000000ebb40000,0x00000000ebc80000)
  to   space 512K, 0% used [0x00000000ebd00000,0x00000000ebd00000,0x00000000ebd80000)
 ParOldGen       total 68608K, used 38066K [0x00000000c0000000, 0x00000000c4300000, 0x00000000eab00000)
  object space 68608K, 55% used [0x00000000c0000000,0x00000000c252cbb8,0x00000000c4300000)
 Metaspace       used 60128K, committed 61376K, reserved 1114112K
  class space    used 7365K, committed 7936K, reserved 1048576K
}
Event: 71.458 GC heap after
{Heap after GC invocations=41 (full 3):
 PSYoungGen      total 15360K, used 490K [0x00000000eab00000, 0x00000000ebd80000, 0x0000000100000000)
  eden space 14848K, 0% used [0x00000000eab00000,0x00000000eab00000,0x00000000eb980000)
  from space 512K, 95% used [0x00000000ebd00000,0x00000000ebd7a930,0x00000000ebd80000)
  to   space 1536K, 0% used [0x00000000eba80000,0x00000000eba80000,0x00000000ebc00000)
 ParOldGen       total 68608K, used 38822K [0x00000000c0000000, 0x00000000c4300000, 0x00000000eab00000)
  object space 68608K, 56% used [0x00000000c0000000,0x00000000c25e9ae0,0x00000000c4300000)
 Metaspace       used 60128K, committed 61376K, reserved 1114112K
  class space    used 7365K, committed 7936K, reserved 1048576K
}
Event: 71.537 GC heap before
{Heap before GC invocations=42 (full 3):
 PSYoungGen      total 15360K, used 15338K [0x00000000eab00000, 0x00000000ebd80000, 0x0000000100000000)
  eden space 14848K, 100% used [0x00000000eab00000,0x00000000eb980000,0x00000000eb980000)
  from space 512K, 95% used [0x00000000ebd00000,0x00000000ebd7a930,0x00000000ebd80000)
  to   space 1536K, 0% used [0x00000000eba80000,0x00000000eba80000,0x00000000ebc00000)
 ParOldGen       total 68608K, used 38822K [0x00000000c0000000, 0x00000000c4300000, 0x00000000eab00000)
  object space 68608K, 56% used [0x00000000c0000000,0x00000000c25e9ae0,0x00000000c4300000)
 Metaspace       used 60128K, committed 61376K, reserved 1114112K
  class space    used 7365K, committed 7936K, reserved 1048576K
}
Event: 71.537 GC heap after
{Heap after GC invocations=42 (full 3):
 PSYoungGen      total 16384K, used 325K [0x00000000eab00000, 0x00000000ebd80000, 0x0000000100000000)
  eden space 14848K, 0% used [0x00000000eab00000,0x00000000eab00000,0x00000000eb980000)
  from space 1536K, 21% used [0x00000000eba80000,0x00000000ebad14d0,0x00000000ebc00000)
  to   space 1024K, 0% used [0x00000000ebc80000,0x00000000ebc80000,0x00000000ebd80000)
 ParOldGen       total 68608K, used 38870K [0x00000000c0000000, 0x00000000c4300000, 0x00000000eab00000)
  object space 68608K, 56% used [0x00000000c0000000,0x00000000c25f5ae0,0x00000000c4300000)
 Metaspace       used 60128K, committed 61376K, reserved 1114112K
  class space    used 7365K, committed 7936K, reserved 1048576K
}
Event: 71.606 GC heap before
{Heap before GC invocations=43 (full 3):
 PSYoungGen      total 16384K, used 15173K [0x00000000eab00000, 0x00000000ebd80000, 0x0000000100000000)
  eden space 14848K, 100% used [0x00000000eab00000,0x00000000eb980000,0x00000000eb980000)
  from space 1536K, 21% used [0x00000000eba80000,0x00000000ebad14d0,0x00000000ebc00000)
  to   space 1024K, 0% used [0x00000000ebc80000,0x00000000ebc80000,0x00000000ebd80000)
 ParOldGen       total 68608K, used 38870K [0x00000000c0000000, 0x00000000c4300000, 0x00000000eab00000)
  object space 68608K, 56% used [0x00000000c0000000,0x00000000c25f5ae0,0x00000000c4300000)
 Metaspace       used 60128K, committed 61376K, reserved 1114112K
  class space    used 7365K, committed 7936K, reserved 1048576K
}
Event: 71.607 GC heap after
{Heap after GC invocations=43 (full 3):
 PSYoungGen      total 15872K, used 695K [0x00000000eab00000, 0x00000000ebd80000, 0x0000000100000000)
  eden space 14848K, 0% used [0x00000000eab00000,0x00000000eab00000,0x00000000eb980000)
  from space 1024K, 67% used [0x00000000ebc80000,0x00000000ebd2de88,0x00000000ebd80000)
  to   space 1024K, 0% used [0x00000000ebb80000,0x00000000ebb80000,0x00000000ebc80000)
 ParOldGen       total 68608K, used 38992K [0x00000000c0000000, 0x00000000c4300000, 0x00000000eab00000)
  object space 68608K, 56% used [0x00000000c0000000,0x00000000c2614348,0x00000000c4300000)
 Metaspace       used 60128K, committed 61376K, reserved 1114112K
  class space    used 7365K, committed 7936K, reserved 1048576K
}
Event: 71.684 GC heap before
{Heap before GC invocations=44 (full 3):
 PSYoungGen      total 15872K, used 15543K [0x00000000eab00000, 0x00000000ebd80000, 0x0000000100000000)
  eden space 14848K, 100% used [0x00000000eab00000,0x00000000eb980000,0x00000000eb980000)
  from space 1024K, 67% used [0x00000000ebc80000,0x00000000ebd2de88,0x00000000ebd80000)
  to   space 1024K, 0% used [0x00000000ebb80000,0x00000000ebb80000,0x00000000ebc80000)
 ParOldGen       total 68608K, used 38992K [0x00000000c0000000, 0x00000000c4300000, 0x00000000eab00000)
  object space 68608K, 56% used [0x00000000c0000000,0x00000000c2614348,0x00000000c4300000)
 Metaspace       used 60217K, committed 61440K, reserved 1114112K
  class space    used 7378K, committed 7936K, reserved 1048576K
}
Event: 71.685 GC heap after
{Heap after GC invocations=44 (full 3):
 PSYoungGen      total 15872K, used 969K [0x00000000eab00000, 0x00000000ebd00000, 0x0000000100000000)
  eden space 14848K, 0% used [0x00000000eab00000,0x00000000eab00000,0x00000000eb980000)
  from space 1024K, 94% used [0x00000000ebb80000,0x00000000ebc727f0,0x00000000ebc80000)
  to   space 512K, 0% used [0x00000000ebc80000,0x00000000ebc80000,0x00000000ebd00000)
 ParOldGen       total 68608K, used 39080K [0x00000000c0000000, 0x00000000c4300000, 0x00000000eab00000)
  object space 68608K, 56% used [0x00000000c0000000,0x00000000c262a358,0x00000000c4300000)
 Metaspace       used 60217K, committed 61440K, reserved 1114112K
  class space    used 7378K, committed 7936K, reserved 1048576K
}
Event: 71.762 GC heap before
{Heap before GC invocations=45 (full 3):
 PSYoungGen      total 15872K, used 15817K [0x00000000eab00000, 0x00000000ebd00000, 0x0000000100000000)
  eden space 14848K, 100% used [0x00000000eab00000,0x00000000eb980000,0x00000000eb980000)
  from space 1024K, 94% used [0x00000000ebb80000,0x00000000ebc727f0,0x00000000ebc80000)
  to   space 512K, 0% used [0x00000000ebc80000,0x00000000ebc80000,0x00000000ebd00000)
 ParOldGen       total 68608K, used 39080K [0x00000000c0000000, 0x00000000c4300000, 0x00000000eab00000)
  object space 68608K, 56% used [0x00000000c0000000,0x00000000c262a358,0x00000000c4300000)
 Metaspace       used 60217K, committed 61440K, reserved 1114112K
  class space    used 7378K, committed 7936K, reserved 1048576K
}
Event: 71.763 GC heap after
{Heap after GC invocations=45 (full 3):
 PSYoungGen      total 15360K, used 273K [0x00000000eab00000, 0x00000000ebd00000, 0x0000000100000000)
  eden space 14848K, 0% used [0x00000000eab00000,0x00000000eab00000,0x00000000eb980000)
  from space 512K, 53% used [0x00000000ebc80000,0x00000000ebcc4640,0x00000000ebd00000)
  to   space 1024K, 0% used [0x00000000ebb00000,0x00000000ebb00000,0x00000000ebc00000)
 ParOldGen       total 68608K, used 39251K [0x00000000c0000000, 0x00000000c4300000, 0x00000000eab00000)
  object space 68608K, 57% used [0x00000000c0000000,0x00000000c2654dc8,0x00000000c4300000)
 Metaspace       used 60217K, committed 61440K, reserved 1114112K
  class space    used 7378K, committed 7936K, reserved 1048576K
}
Event: 71.834 GC heap before
{Heap before GC invocations=46 (full 3):
 PSYoungGen      total 15360K, used 15121K [0x00000000eab00000, 0x00000000ebd00000, 0x0000000100000000)
  eden space 14848K, 100% used [0x00000000eab00000,0x00000000eb980000,0x00000000eb980000)
  from space 512K, 53% used [0x00000000ebc80000,0x00000000ebcc4640,0x00000000ebd00000)
  to   space 1024K, 0% used [0x00000000ebb00000,0x00000000ebb00000,0x00000000ebc00000)
 ParOldGen       total 68608K, used 39251K [0x00000000c0000000, 0x00000000c4300000, 0x00000000eab00000)
  object space 68608K, 57% used [0x00000000c0000000,0x00000000c2654dc8,0x00000000c4300000)
 Metaspace       used 60217K, committed 61440K, reserved 1114112K
  class space    used 7378K, committed 7936K, reserved 1048576K
}
Event: 71.835 GC heap after
{Heap after GC invocations=46 (full 3):
 PSYoungGen      total 15872K, used 1016K [0x00000000eab00000, 0x00000000ebd00000, 0x0000000100000000)
  eden space 14848K, 0% used [0x00000000eab00000,0x00000000eab00000,0x00000000eb980000)
  from space 1024K, 99% used [0x00000000ebb00000,0x00000000ebbfe328,0x00000000ebc00000)
  to   space 1024K, 0% used [0x00000000ebc00000,0x00000000ebc00000,0x00000000ebd00000)
 ParOldGen       total 68608K, used 39323K [0x00000000c0000000, 0x00000000c4300000, 0x00000000eab00000)
  object space 68608K, 57% used [0x00000000c0000000,0x00000000c2666dd8,0x00000000c4300000)
 Metaspace       used 60217K, committed 61440K, reserved 1114112K
  class space    used 7378K, committed 7936K, reserved 1048576K
}
Event: 71.924 GC heap before
{Heap before GC invocations=47 (full 3):
 PSYoungGen      total 15872K, used 15864K [0x00000000eab00000, 0x00000000ebd00000, 0x0000000100000000)
  eden space 14848K, 100% used [0x00000000eab00000,0x00000000eb980000,0x00000000eb980000)
  from space 1024K, 99% used [0x00000000ebb00000,0x00000000ebbfe328,0x00000000ebc00000)
  to   space 1024K, 0% used [0x00000000ebc00000,0x00000000ebc00000,0x00000000ebd00000)
 ParOldGen       total 68608K, used 39323K [0x00000000c0000000, 0x00000000c4300000, 0x00000000eab00000)
  object space 68608K, 57% used [0x00000000c0000000,0x00000000c2666dd8,0x00000000c4300000)
 Metaspace       used 60217K, committed 61440K, reserved 1114112K
  class space    used 7378K, committed 7936K, reserved 1048576K
}
Event: 71.924 GC heap after
{Heap after GC invocations=47 (full 3):
 PSYoungGen      total 15360K, used 426K [0x00000000eab00000, 0x00000000ebc80000, 0x0000000100000000)
  eden space 14848K, 0% used [0x00000000eab00000,0x00000000eab00000,0x00000000eb980000)
  from space 512K, 83% used [0x00000000ebc00000,0x00000000ebc6a800,0x00000000ebc80000)
  to   space 1024K, 0% used [0x00000000eba80000,0x00000000eba80000,0x00000000ebb80000)
 ParOldGen       total 68608K, used 39355K [0x00000000c0000000, 0x00000000c4300000, 0x00000000eab00000)
  object space 68608K, 57% used [0x00000000c0000000,0x00000000c266edd8,0x00000000c4300000)
 Metaspace       used 60217K, committed 61440K, reserved 1114112K
  class space    used 7378K, committed 7936K, reserved 1048576K
}
Event: 72.002 GC heap before
{Heap before GC invocations=48 (full 3):
 PSYoungGen      total 15360K, used 15274K [0x00000000eab00000, 0x00000000ebc80000, 0x0000000100000000)
  eden space 14848K, 100% used [0x00000000eab00000,0x00000000eb980000,0x00000000eb980000)
  from space 512K, 83% used [0x00000000ebc00000,0x00000000ebc6a800,0x00000000ebc80000)
  to   space 1024K, 0% used [0x00000000eba80000,0x00000000eba80000,0x00000000ebb80000)
 ParOldGen       total 68608K, used 39355K [0x00000000c0000000, 0x00000000c4300000, 0x00000000eab00000)
  object space 68608K, 57% used [0x00000000c0000000,0x00000000c266edd8,0x00000000c4300000)
 Metaspace       used 60217K, committed 61440K, reserved 1114112K
  class space    used 7378K, committed 7936K, reserved 1048576K
}
Event: 72.002 GC heap after
{Heap after GC invocations=48 (full 3):
 PSYoungGen      total 15872K, used 449K [0x00000000eab00000, 0x00000000ebc80000, 0x0000000100000000)
  eden space 14848K, 0% used [0x00000000eab00000,0x00000000eab00000,0x00000000eb980000)
  from space 1024K, 43% used [0x00000000eba80000,0x00000000ebaf07e0,0x00000000ebb80000)
  to   space 512K, 0% used [0x00000000ebc00000,0x00000000ebc00000,0x00000000ebc80000)
 ParOldGen       total 68608K, used 39695K [0x00000000c0000000, 0x00000000c4300000, 0x00000000eab00000)
  object space 68608K, 57% used [0x00000000c0000000,0x00000000c26c3d18,0x00000000c4300000)
 Metaspace       used 60217K, committed 61440K, reserved 1114112K
  class space    used 7378K, committed 7936K, reserved 1048576K
}
Event: 76.614 GC heap before
{Heap before GC invocations=49 (full 3):
 PSYoungGen      total 15872K, used 15297K [0x00000000eab00000, 0x00000000ebc80000, 0x0000000100000000)
  eden space 14848K, 100% used [0x00000000eab00000,0x00000000eb980000,0x00000000eb980000)
  from space 1024K, 43% used [0x00000000eba80000,0x00000000ebaf07e0,0x00000000ebb80000)
  to   space 512K, 0% used [0x00000000ebc00000,0x00000000ebc00000,0x00000000ebc80000)
 ParOldGen       total 68608K, used 39695K [0x00000000c0000000, 0x00000000c4300000, 0x00000000eab00000)
  object space 68608K, 57% used [0x00000000c0000000,0x00000000c26c3d18,0x00000000c4300000)
 Metaspace       used 61379K, committed 62656K, reserved 1114112K
  class space    used 7549K, committed 8128K, reserved 1048576K
}
Event: 76.616 GC heap after
{Heap after GC invocations=49 (full 3):
 PSYoungGen      total 15360K, used 416K [0x00000000eab00000, 0x00000000ebc80000, 0x0000000100000000)
  eden space 14848K, 0% used [0x00000000eab00000,0x00000000eab00000,0x00000000eb980000)
  from space 512K, 81% used [0x00000000ebc00000,0x00000000ebc68000,0x00000000ebc80000)
  to   space 512K, 0% used [0x00000000ebb80000,0x00000000ebb80000,0x00000000ebc00000)
 ParOldGen       total 68608K, used 39759K [0x00000000c0000000, 0x00000000c4300000, 0x00000000eab00000)
  object space 68608K, 57% used [0x00000000c0000000,0x00000000c26d3d28,0x00000000c4300000)
 Metaspace       used 61379K, committed 62656K, reserved 1114112K
  class space    used 7549K, committed 8128K, reserved 1048576K
}

